TN:
SF:src/behaviors/fsm.js
FN:84,(anonymous_0)
FN:104,(anonymous_1)
FN:149,(anonymous_2)
FN:166,(anonymous_3)
FN:183,(anonymous_4)
FN:191,(anonymous_5)
FN:192,(anonymous_6)
FN:209,(anonymous_7)
FN:210,(anonymous_8)
FN:227,(anonymous_9)
FN:235,(anonymous_10)
FN:244,(anonymous_11)
FN:252,(anonymous_12)
FN:261,(anonymous_13)
FN:274,(anonymous_14)
FN:289,(anonymous_15)
FN:309,(anonymous_16)
FN:318,(anonymous_17)
FN:325,(anonymous_18)
FN:338,(anonymous_19)
FN:348,(anonymous_20)
FN:349,(anonymous_21)
FN:350,(anonymous_22)
FNF:23
FNH:0
FNDA:0,(anonymous_0)
FNDA:0,(anonymous_1)
FNDA:0,(anonymous_2)
FNDA:0,(anonymous_3)
FNDA:0,(anonymous_4)
FNDA:0,(anonymous_5)
FNDA:0,(anonymous_6)
FNDA:0,(anonymous_7)
FNDA:0,(anonymous_8)
FNDA:0,(anonymous_9)
FNDA:0,(anonymous_10)
FNDA:0,(anonymous_11)
FNDA:0,(anonymous_12)
FNDA:0,(anonymous_13)
FNDA:0,(anonymous_14)
FNDA:0,(anonymous_15)
FNDA:0,(anonymous_16)
FNDA:0,(anonymous_17)
FNDA:0,(anonymous_18)
FNDA:0,(anonymous_19)
FNDA:0,(anonymous_20)
FNDA:0,(anonymous_21)
FNDA:0,(anonymous_22)
DA:11,0
DA:69,0
DA:85,0
DA:86,0
DA:87,0
DA:88,0
DA:89,0
DA:90,0
DA:91,0
DA:93,0
DA:106,0
DA:107,0
DA:108,0
DA:112,0
DA:115,0
DA:116,0
DA:119,0
DA:126,0
DA:127,0
DA:131,0
DA:137,0
DA:142,0
DA:150,0
DA:156,0
DA:167,0
DA:168,0
DA:171,0
DA:172,0
DA:176,0
DA:184,0
DA:192,0
DA:193,0
DA:194,0
DA:195,0
DA:197,0
DA:210,0
DA:211,0
DA:212,0
DA:213,0
DA:214,0
DA:216,0
DA:228,0
DA:236,0
DA:245,0
DA:253,0
DA:262,0
DA:263,0
DA:266,0
DA:275,0
DA:276,0
DA:277,0
DA:278,0
DA:279,0
DA:290,0
DA:291,0
DA:292,0
DA:293,0
DA:295,0
DA:310,0
DA:319,0
DA:326,0
DA:327,0
DA:328,0
DA:329,0
DA:331,0
DA:339,0
DA:340,0
DA:341,0
DA:344,0
DA:348,0
DA:349,0
DA:350,0
LF:72
LH:0
BRDA:84,0,0,0
BRDA:85,1,0,0
BRDA:85,1,1,0
BRDA:88,2,0,0
BRDA:88,2,1,0
BRDA:91,3,0,0
BRDA:91,3,1,0
BRDA:104,4,0,0
BRDA:106,5,0,0
BRDA:106,5,1,0
BRDA:126,6,0,0
BRDA:126,6,1,0
BRDA:167,7,0,0
BRDA:167,7,1,0
BRDA:184,8,0,0
BRDA:184,8,1,0
BRDA:193,9,0,0
BRDA:193,9,1,0
BRDA:209,10,0,0
BRDA:211,11,0,0
BRDA:211,11,1,0
BRDA:244,12,0,0
BRDA:262,13,0,0
BRDA:262,13,1,0
BRDA:275,14,0,0
BRDA:275,14,1,0
BRDA:278,15,0,0
BRDA:278,15,1,0
BRDA:289,16,0,0
BRDA:290,17,0,0
BRDA:290,17,1,0
BRDA:310,18,0,0
BRDA:310,18,1,0
BRDA:341,19,0,0
BRDA:341,19,1,0
BRF:35
BRH:0
end_of_record
TN:
SF:src/behaviors/index.js
FNF:0
FNH:0
DA:12,0
LF:1
LH:0
BRF:0
BRH:0
end_of_record
TN:
SF:src/behaviors/tasks/combat.js
FN:13,attackEntityTask
FN:63,findAndAttackTask
FN:76,(anonymous_2)
FN:118,fleeTask
FN:180,evaluateCombatTask
FN:190,(anonymous_5)
FNF:6
FNH:0
FNDA:0,attackEntityTask
FNDA:0,findAndAttackTask
FNDA:0,(anonymous_2)
FNDA:0,fleeTask
FNDA:0,evaluateCombatTask
FNDA:0,(anonymous_5)
DA:14,0
DA:16,0
DA:17,0
DA:18,0
DA:21,0
DA:23,0
DA:29,0
DA:30,0
DA:35,0
DA:39,0
DA:46,0
DA:50,0
DA:64,0
DA:66,0
DA:67,0
DA:69,0
DA:75,0
DA:76,0
DA:77,0
DA:82,0
DA:83,0
DA:84,0
DA:92,0
DA:93,0
DA:94,0
DA:95,0
DA:103,0
DA:110,0
DA:119,0
DA:121,0
DA:122,0
DA:123,0
DA:126,0
DA:127,0
DA:130,0
DA:131,0
DA:132,0
DA:133,0
DA:136,0
DA:137,0
DA:139,0
DA:144,0
DA:145,0
DA:155,0
DA:157,0
DA:163,0
DA:167,0
DA:181,0
DA:183,0
DA:184,0
DA:185,0
DA:188,0
DA:189,0
DA:190,0
DA:191,0
DA:197,0
DA:198,0
DA:200,0
DA:201,0
DA:202,0
DA:203,0
DA:204,0
DA:205,0
DA:206,0
DA:207,0
DA:208,0
DA:211,0
DA:219,0
LF:68
LH:0
BRDA:14,0,0,0
BRDA:16,1,0,0
BRDA:16,1,1,0
BRDA:16,2,0,0
BRDA:16,2,1,0
BRDA:31,3,0,0
BRDA:31,3,1,0
BRDA:32,4,0,0
BRDA:32,4,1,0
BRDA:64,5,0,0
BRDA:66,6,0,0
BRDA:66,6,1,0
BRDA:77,7,0,0
BRDA:77,7,1,0
BRDA:77,7,2,0
BRDA:82,8,0,0
BRDA:82,8,1,0
BRDA:92,9,0,0
BRDA:92,9,1,0
BRDA:119,10,0,0
BRDA:121,11,0,0
BRDA:121,11,1,0
BRDA:121,12,0,0
BRDA:121,12,1,0
BRDA:131,13,0,0
BRDA:131,13,1,0
BRDA:132,14,0,0
BRDA:132,14,1,0
BRDA:136,15,0,0
BRDA:136,15,1,0
BRDA:151,16,0,0
BRDA:151,16,1,0
BRDA:183,17,0,0
BRDA:183,17,1,0
BRDA:184,18,0,0
BRDA:184,18,1,0
BRDA:191,19,0,0
BRDA:191,19,1,0
BRDA:191,19,2,0
BRDA:200,20,0,0
BRDA:200,20,1,0
BRDA:203,21,0,0
BRDA:203,21,1,0
BRDA:206,22,0,0
BRDA:206,22,1,0
BRDA:206,23,0,0
BRDA:206,23,1,0
BRF:47
BRH:0
end_of_record
TN:
SF:src/behaviors/tasks/mine.js
FN:13,mineBlockTask
FN:60,collectDropsTask
FN:79,(anonymous_2)
FN:101,findAndMineTask
FNF:4
FNH:0
FNDA:0,mineBlockTask
FNDA:0,collectDropsTask
FNDA:0,(anonymous_2)
FNDA:0,findAndMineTask
DA:14,0
DA:16,0
DA:17,0
DA:18,0
DA:21,0
DA:26,0
DA:27,0
DA:32,0
DA:36,0
DA:43,0
DA:47,0
DA:61,0
DA:63,0
DA:67,0
DA:68,0
DA:72,0
DA:76,0
DA:79,0
DA:84,0
DA:88,0
DA:102,0
DA:104,0
DA:106,0
DA:111,0
DA:112,0
DA:117,0
DA:118,0
DA:122,0
DA:130,0
DA:131,0
DA:132,0
DA:141,0
DA:144,0
DA:148,0
LF:34
LH:0
BRDA:14,0,0,0
BRDA:16,1,0,0
BRDA:16,1,1,0
BRDA:16,2,0,0
BRDA:16,2,1,0
BRDA:28,3,0,0
BRDA:28,3,1,0
BRDA:29,4,0,0
BRDA:29,4,1,0
BRDA:61,5,0,0
BRDA:61,6,0,0
BRDA:64,7,0,0
BRDA:64,7,1,0
BRDA:69,8,0,0
BRDA:69,8,1,0
BRDA:102,9,0,0
BRDA:104,10,0,0
BRDA:104,10,1,0
BRDA:117,11,0,0
BRDA:117,11,1,0
BRDA:130,12,0,0
BRDA:130,12,1,0
BRF:22
BRH:0
end_of_record
TN:
SF:src/behaviors/tasks/navigate.js
FN:13,navigateTask
FN:66,navigateNearTask
FN:82,followTask
FNF:3
FNH:0
FNDA:0,navigateTask
FNDA:0,navigateNearTask
FNDA:0,followTask
DA:14,0
DA:16,0
DA:17,0
DA:18,0
DA:21,0
DA:26,0
DA:27,0
DA:37,0
DA:42,0
DA:49,0
DA:53,0
DA:67,0
DA:69,0
DA:83,0
DA:85,0
DA:86,0
DA:87,0
DA:90,0
DA:95,0
DA:96,0
DA:101,0
DA:104,0
DA:108,0
LF:23
LH:0
BRDA:14,0,0,0
BRDA:16,1,0,0
BRDA:16,1,1,0
BRDA:16,2,0,0
BRDA:16,2,1,0
BRDA:16,2,2,0
BRDA:16,2,3,0
BRDA:23,3,0,0
BRDA:23,3,1,0
BRDA:32,4,0,0
BRDA:32,4,1,0
BRDA:33,5,0,0
BRDA:33,5,1,0
BRDA:67,6,0,0
BRDA:67,7,0,0
BRDA:83,8,0,0
BRDA:85,9,0,0
BRDA:85,9,1,0
BRDA:97,10,0,0
BRDA:97,10,1,0
BRDA:98,11,0,0
BRDA:98,11,1,0
BRF:22
BRH:0
end_of_record
TN:
SF:src/config/index.js
FNF:0
FNH:0
DA:6,0
LF:1
LH:0
BRDA:11,0,0,0
BRDA:11,0,1,0
BRDA:12,1,0,0
BRDA:12,1,1,0
BRDA:13,2,0,0
BRDA:13,2,1,0
BRDA:14,3,0,0
BRDA:14,3,1,0
BRDA:15,4,0,0
BRDA:15,4,1,0
BRDA:105,5,0,0
BRDA:105,5,1,0
BRF:12
BRH:0
end_of_record
TN:
SF:src/connect/createBot.js
FN:15,createBot
FN:33,(anonymous_1)
FN:38,(anonymous_2)
FN:48,(anonymous_3)
FN:54,(anonymous_4)
FN:60,(anonymous_5)
FN:82,reconnectWithBackoff
FN:104,(anonymous_7)
FNF:8
FNH:0
FNDA:0,createBot
FNDA:0,(anonymous_1)
FNDA:0,(anonymous_2)
FNDA:0,(anonymous_3)
FNDA:0,(anonymous_4)
FNDA:0,(anonymous_5)
FNDA:0,reconnectWithBackoff
FNDA:0,(anonymous_7)
DA:16,0
DA:27,0
DA:33,0
DA:34,0
DA:35,0
DA:38,0
DA:39,0
DA:44,0
DA:48,0
DA:49,0
DA:50,0
DA:54,0
DA:55,0
DA:56,0
DA:60,0
DA:61,0
DA:62,0
DA:63,0
DA:64,0
DA:69,0
DA:70,0
DA:83,0
DA:84,0
DA:86,0
DA:87,0
DA:88,0
DA:89,0
DA:90,0
DA:91,0
DA:93,0
DA:95,0
DA:96,0
DA:100,0
DA:103,0
DA:104,0
DA:107,0
LF:36
LH:0
BRDA:15,0,0,0
BRDA:17,1,0,0
BRDA:17,1,1,0
BRDA:18,2,0,0
BRDA:18,2,1,0
BRDA:19,3,0,0
BRDA:19,3,1,0
BRDA:20,4,0,0
BRDA:20,4,1,0
BRDA:21,5,0,0
BRDA:21,5,1,0
BRDA:61,6,0,0
BRDA:61,6,1,0
BRDA:82,7,0,0
BRDA:82,8,0,0
BRDA:95,9,0,0
BRDA:95,9,1,0
BRF:17
BRH:0
end_of_record
TN:
SF:src/knowledge/crafting-recipes.js
FN:6463,getRecipeForItem
FN:6470,getRecipesByCategory
FN:6472,(anonymous_2)
FN:6473,(anonymous_3)
FN:6479,getRecipesByPriority
FN:6481,(anonymous_5)
FN:6482,(anonymous_6)
FN:6488,canCraft
FN:6502,getIngredientCount
FN:6508,(anonymous_9)
FN:6514,(anonymous_10)
FN:6522,(anonymous_11)
FN:6531,getNextCraftingGoal
FN:6532,(anonymous_13)
FN:6548,getRequiredItemsForGoal
FN:6552,traverse
FNF:16
FNH:0
FNDA:0,getRecipeForItem
FNDA:0,getRecipesByCategory
FNDA:0,(anonymous_2)
FNDA:0,(anonymous_3)
FNDA:0,getRecipesByPriority
FNDA:0,(anonymous_5)
FNDA:0,(anonymous_6)
FNDA:0,canCraft
FNDA:0,getIngredientCount
FNDA:0,(anonymous_9)
FNDA:0,(anonymous_10)
FNDA:0,(anonymous_11)
FNDA:0,getNextCraftingGoal
FNDA:0,(anonymous_13)
FNDA:0,getRequiredItemsForGoal
FNDA:0,traverse
DA:19,0
DA:187,0
DA:6240,0
DA:6408,0
DA:6464,0
DA:6471,0
DA:6472,0
DA:6473,0
DA:6480,0
DA:6481,0
DA:6482,0
DA:6489,0
DA:6491,0
DA:6492,0
DA:6493,0
DA:6496,0
DA:6504,0
DA:6505,0
DA:6508,0
DA:6511,0
DA:6512,0
DA:6514,0
DA:6517,0
DA:6518,0
DA:6522,0
DA:6525,0
DA:6532,0
DA:6533,0
DA:6535,0
DA:6536,0
DA:6537,0
DA:6538,0
DA:6542,0
DA:6549,0
DA:6550,0
DA:6553,0
DA:6554,0
DA:6556,0
DA:6557,0
DA:6558,0
DA:6559,0
DA:6560,0
DA:6565,0
DA:6566,0
LF:44
LH:0
BRDA:6464,0,0,0
BRDA:6464,0,1,0
BRDA:6481,1,0,0
BRDA:6481,1,1,0
BRDA:6489,2,0,0
BRDA:6489,2,1,0
BRDA:6493,3,0,0
BRDA:6493,3,1,0
BRDA:6504,4,0,0
BRDA:6504,4,1,0
BRDA:6508,5,0,0
BRDA:6508,5,1,0
BRDA:6511,6,0,0
BRDA:6511,6,1,0
BRDA:6514,7,0,0
BRDA:6514,7,1,0
BRDA:6517,8,0,0
BRDA:6517,8,1,0
BRDA:6522,9,0,0
BRDA:6522,9,1,0
BRDA:6525,10,0,0
BRDA:6525,10,1,0
BRDA:6531,11,0,0
BRDA:6533,12,0,0
BRDA:6533,12,1,0
BRDA:6537,13,0,0
BRDA:6537,13,1,0
BRDA:6537,14,0,0
BRDA:6537,14,1,0
BRDA:6553,15,0,0
BRDA:6553,15,1,0
BRDA:6557,16,0,0
BRDA:6557,16,1,0
BRDA:6557,17,0,0
BRDA:6557,17,1,0
BRF:35
BRH:0
end_of_record
TN:
SF:src/knowledge/index.js
FNF:0
FNH:0
LF:0
LH:0
BRF:0
BRH:0
end_of_record
TN:
SF:src/ml/autonomous-learner.js
FN:17,(anonymous_0)
FN:55,(anonymous_1)
FN:83,(anonymous_2)
FN:108,(anonymous_3)
FN:161,(anonymous_4)
FN:189,(anonymous_5)
FN:218,(anonymous_6)
FN:253,(anonymous_7)
FN:264,(anonymous_8)
FN:273,(anonymous_9)
FN:285,(anonymous_10)
FN:297,(anonymous_11)
FNF:12
FNH:0
FNDA:0,(anonymous_0)
FNDA:0,(anonymous_1)
FNDA:0,(anonymous_2)
FNDA:0,(anonymous_3)
FNDA:0,(anonymous_4)
FNDA:0,(anonymous_5)
FNDA:0,(anonymous_6)
FNDA:0,(anonymous_7)
FNDA:0,(anonymous_8)
FNDA:0,(anonymous_9)
FNDA:0,(anonymous_10)
FNDA:0,(anonymous_11)
DA:19,0
DA:26,0
DA:27,0
DA:33,0
DA:34,0
DA:37,0
DA:38,0
DA:41,0
DA:44,0
DA:46,0
DA:56,0
DA:84,0
DA:87,0
DA:90,0
DA:91,0
DA:95,0
DA:97,0
DA:102,0
DA:109,0
DA:110,0
DA:112,0
DA:115,0
DA:118,0
DA:119,0
DA:120,0
DA:121,0
DA:122,0
DA:126,0
DA:129,0
DA:136,0
DA:137,0
DA:141,0
DA:142,0
DA:145,0
DA:146,0
DA:150,0
DA:152,0
DA:162,0
DA:165,0
DA:167,0
DA:169,0
DA:178,0
DA:179,0
DA:180,0
DA:183,0
DA:190,0
DA:193,0
DA:196,0
DA:197,0
DA:201,0
DA:202,0
DA:203,0
DA:204,0
DA:205,0
DA:206,0
DA:207,0
DA:210,0
DA:212,0
DA:219,0
DA:222,0
DA:223,0
DA:224,0
DA:225,0
DA:234,0
DA:235,0
DA:236,0
DA:237,0
DA:238,0
DA:247,0
DA:254,0
DA:255,0
DA:256,0
DA:257,0
DA:265,0
DA:266,0
DA:267,0
DA:274,0
DA:286,0
DA:298,0
DA:299,0
DA:300,0
DA:301,0
DA:302,0
LF:83
LH:0
BRDA:17,0,0,0
BRDA:22,1,0,0
BRDA:22,1,1,0
BRDA:23,2,0,0
BRDA:23,2,1,0
BRDA:37,3,0,0
BRDA:37,3,1,0
BRDA:57,4,0,0
BRDA:57,4,1,0
BRDA:58,5,0,0
BRDA:58,5,1,0
BRDA:59,6,0,0
BRDA:59,6,1,0
BRDA:60,7,0,0
BRDA:60,7,1,0
BRDA:61,8,0,0
BRDA:61,8,1,0
BRDA:62,9,0,0
BRDA:62,9,1,0
BRDA:63,10,0,0
BRDA:63,10,1,0
BRDA:64,11,0,0
BRDA:64,11,1,0
BRDA:65,12,0,0
BRDA:65,12,1,0
BRDA:66,13,0,0
BRDA:66,13,1,0
BRDA:67,14,0,0
BRDA:67,14,1,0
BRDA:68,15,0,0
BRDA:68,15,1,0
BRDA:69,16,0,0
BRDA:69,16,1,0
BRDA:70,17,0,0
BRDA:70,17,1,0
BRDA:71,18,0,0
BRDA:71,18,1,0
BRDA:72,19,0,0
BRDA:72,19,1,0
BRDA:73,20,0,0
BRDA:73,20,1,0
BRDA:74,21,0,0
BRDA:74,21,1,0
BRDA:75,22,0,0
BRDA:75,22,1,0
BRDA:76,23,0,0
BRDA:76,23,1,0
BRDA:90,24,0,0
BRDA:90,24,1,0
BRDA:108,25,0,0
BRDA:109,26,0,0
BRDA:109,26,1,0
BRDA:112,27,0,0
BRDA:112,27,1,0
BRDA:112,28,0,0
BRDA:112,28,1,0
BRDA:136,29,0,0
BRDA:136,29,1,0
BRDA:145,30,0,0
BRDA:145,30,1,0
BRDA:152,31,0,0
BRDA:152,31,1,0
BRDA:161,32,0,0
BRDA:167,33,0,0
BRDA:167,33,1,0
BRDA:167,34,0,0
BRDA:167,34,1,0
BRDA:178,35,0,0
BRDA:178,35,1,0
BRDA:189,36,0,0
BRDA:196,37,0,0
BRDA:196,37,1,0
BRDA:201,38,0,0
BRDA:201,38,1,0
BRDA:203,39,0,0
BRDA:203,39,1,0
BRDA:206,40,0,0
BRDA:206,40,1,0
BRDA:222,41,0,0
BRDA:222,41,1,0
BRDA:222,42,0,0
BRDA:222,42,1,0
BRDA:224,43,0,0
BRDA:224,43,1,0
BRDA:237,44,0,0
BRDA:237,44,1,0
BRDA:255,45,0,0
BRDA:255,45,1,0
BRF:88
BRH:0
end_of_record
TN:
SF:src/ml/index.js
FNF:0
FNH:0
LF:0
LH:0
BRF:0
BRH:0
end_of_record
TN:
SF:src/ml/memory.js
FN:16,(anonymous_0)
FN:73,(anonymous_1)
FN:91,(anonymous_2)
FN:114,(anonymous_3)
FN:120,(anonymous_4)
FN:157,(anonymous_5)
FN:171,(anonymous_6)
FN:198,(anonymous_7)
FN:222,(anonymous_8)
FN:225,(anonymous_9)
FN:243,(anonymous_10)
FN:255,(anonymous_11)
FN:262,(anonymous_12)
FN:295,(anonymous_13)
FN:312,(anonymous_14)
FN:350,(anonymous_15)
FN:397,(anonymous_16)
FN:416,(anonymous_17)
FN:432,(anonymous_18)
FNF:19
FNH:0
FNDA:0,(anonymous_0)
FNDA:0,(anonymous_1)
FNDA:0,(anonymous_2)
FNDA:0,(anonymous_3)
FNDA:0,(anonymous_4)
FNDA:0,(anonymous_5)
FNDA:0,(anonymous_6)
FNDA:0,(anonymous_7)
FNDA:0,(anonymous_8)
FNDA:0,(anonymous_9)
FNDA:0,(anonymous_10)
FNDA:0,(anonymous_11)
FNDA:0,(anonymous_12)
FNDA:0,(anonymous_13)
FNDA:0,(anonymous_14)
FNDA:0,(anonymous_15)
FNDA:0,(anonymous_16)
FNDA:0,(anonymous_17)
FNDA:0,(anonymous_18)
DA:17,0
DA:18,0
DA:21,0
DA:30,0
DA:41,0
DA:51,0
DA:65,0
DA:67,0
DA:74,0
DA:83,0
DA:84,0
DA:92,0
DA:102,0
DA:103,0
DA:106,0
DA:107,0
DA:115,0
DA:116,0
DA:120,0
DA:121,0
DA:126,0
DA:129,0
DA:130,0
DA:139,0
DA:140,0
DA:143,0
DA:158,0
DA:172,0
DA:177,0
DA:178,0
DA:180,0
DA:181,0
DA:186,0
DA:187,0
DA:188,0
DA:192,0
DA:199,0
DA:201,0
DA:202,0
DA:204,0
DA:205,0
DA:210,0
DA:211,0
DA:212,0
DA:216,0
DA:223,0
DA:225,0
DA:226,0
DA:227,0
DA:230,0
DA:236,0
DA:244,0
DA:256,0
DA:263,0
DA:265,0
DA:266,0
DA:268,0
DA:269,0
DA:270,0
DA:272,0
DA:273,0
DA:274,0
DA:276,0
DA:277,0
DA:278,0
DA:280,0
DA:281,0
DA:283,0
DA:285,0
DA:286,0
DA:288,0
DA:296,0
DA:303,0
DA:313,0
DA:315,0
DA:316,0
DA:317,0
DA:321,0
DA:324,0
DA:332,0
DA:337,0
DA:343,0
DA:351,0
DA:352,0
DA:353,0
DA:355,0
DA:360,0
DA:365,0
DA:370,0
DA:377,0
DA:378,0
DA:379,0
DA:384,0
DA:390,0
DA:398,0
DA:417,0
DA:418,0
DA:426,0
DA:433,0
LF:99
LH:0
BRDA:16,0,0,0
BRDA:17,1,0,0
BRDA:17,1,1,0
BRDA:18,2,0,0
BRDA:18,2,1,0
BRDA:73,3,0,0
BRDA:83,4,0,0
BRDA:83,4,1,0
BRDA:91,5,0,0
BRDA:106,6,0,0
BRDA:106,6,1,0
BRDA:114,7,0,0
BRDA:115,8,0,0
BRDA:115,8,1,0
BRDA:129,9,0,0
BRDA:129,9,1,0
BRDA:157,10,0,0
BRDA:171,11,0,0
BRDA:186,12,0,0
BRDA:186,12,1,0
BRDA:186,13,0,0
BRDA:186,13,1,0
BRDA:198,14,0,0
BRDA:199,15,0,0
BRDA:199,15,1,0
BRDA:210,16,0,0
BRDA:210,16,1,0
BRDA:210,17,0,0
BRDA:210,17,1,0
BRDA:222,18,0,0
BRDA:226,19,0,0
BRDA:226,19,1,0
BRDA:226,20,0,0
BRDA:226,20,1,0
BRDA:256,21,0,0
BRDA:256,21,1,0
BRDA:262,22,0,0
BRDA:263,23,0,0
BRDA:263,23,1,0
BRDA:263,23,2,0
BRDA:263,23,3,0
BRDA:263,23,4,0
BRDA:263,23,5,0
BRDA:268,24,0,0
BRDA:268,24,1,0
BRDA:269,25,0,0
BRDA:269,25,1,0
BRDA:272,26,0,0
BRDA:272,26,1,0
BRDA:273,27,0,0
BRDA:273,27,1,0
BRDA:276,28,0,0
BRDA:276,28,1,0
BRDA:277,29,0,0
BRDA:277,29,1,0
BRDA:280,30,0,0
BRDA:280,30,1,0
BRDA:285,31,0,0
BRDA:285,31,1,0
BRDA:316,32,0,0
BRDA:316,32,1,0
BRDA:352,33,0,0
BRDA:352,33,1,0
BRDA:377,34,0,0
BRDA:377,34,1,0
BRF:65
BRH:0
end_of_record
TN:
SF:src/ml/q-learning.js
FN:16,(anonymous_0)
FN:59,(anonymous_1)
FN:85,(anonymous_2)
FN:112,(anonymous_3)
FN:129,(anonymous_4)
FN:167,(anonymous_5)
FN:202,(anonymous_6)
FN:215,(anonymous_7)
FN:234,(anonymous_8)
FN:244,(anonymous_9)
FN:278,(anonymous_10)
FN:310,(anonymous_11)
FN:325,(anonymous_12)
FNF:13
FNH:0
FNDA:0,(anonymous_0)
FNDA:0,(anonymous_1)
FNDA:0,(anonymous_2)
FNDA:0,(anonymous_3)
FNDA:0,(anonymous_4)
FNDA:0,(anonymous_5)
FNDA:0,(anonymous_6)
FNDA:0,(anonymous_7)
FNDA:0,(anonymous_8)
FNDA:0,(anonymous_9)
FNDA:0,(anonymous_10)
FNDA:0,(anonymous_11)
FNDA:0,(anonymous_12)
DA:18,0
DA:19,0
DA:20,0
DA:21,0
DA:22,0
DA:25,0
DA:28,0
DA:29,0
DA:32,0
DA:33,0
DA:36,0
DA:45,0
DA:47,0
DA:61,0
DA:79,0
DA:86,0
DA:113,0
DA:115,0
DA:116,0
DA:117,0
DA:118,0
DA:121,0
DA:130,0
DA:132,0
DA:133,0
DA:136,0
DA:138,0
DA:139,0
DA:140,0
DA:141,0
DA:144,0
DA:145,0
DA:146,0
DA:148,0
DA:149,0
DA:150,0
DA:151,0
DA:155,0
DA:168,0
DA:169,0
DA:171,0
DA:172,0
DA:175,0
DA:176,0
DA:177,0
DA:178,0
DA:183,0
DA:184,0
DA:188,0
DA:189,0
DA:192,0
DA:195,0
DA:203,0
DA:206,0
DA:207,0
DA:216,0
DA:219,0
DA:220,0
DA:221,0
DA:222,0
DA:226,0
DA:227,0
DA:235,0
DA:245,0
DA:247,0
DA:248,0
DA:249,0
DA:253,0
DA:261,0
DA:266,0
DA:271,0
DA:279,0
DA:281,0
DA:282,0
DA:283,0
DA:284,0
DA:285,0
DA:287,0
DA:294,0
DA:295,0
DA:296,0
DA:298,0
DA:303,0
DA:311,0
DA:326,0
DA:327,0
DA:328,0
DA:335,0
DA:336,0
LF:89
LH:0
BRDA:16,0,0,0
BRDA:18,1,0,0
BRDA:18,1,1,0
BRDA:19,2,0,0
BRDA:19,2,1,0
BRDA:20,3,0,0
BRDA:20,3,1,0
BRDA:21,4,0,0
BRDA:21,4,1,0
BRDA:22,5,0,0
BRDA:22,5,1,0
BRDA:28,6,0,0
BRDA:28,6,1,0
BRDA:29,7,0,0
BRDA:29,7,1,0
BRDA:33,8,0,0
BRDA:33,8,1,0
BRDA:64,9,0,0
BRDA:64,9,1,0
BRDA:65,10,0,0
BRDA:65,10,1,0
BRDA:66,11,0,0
BRDA:66,11,1,0
BRDA:67,12,0,0
BRDA:67,12,1,0
BRDA:70,13,0,0
BRDA:70,13,1,0
BRDA:71,14,0,0
BRDA:71,14,1,0
BRDA:72,15,0,0
BRDA:72,15,1,0
BRDA:73,16,0,0
BRDA:73,16,1,0
BRDA:74,17,0,0
BRDA:74,17,1,0
BRDA:75,18,0,0
BRDA:75,18,1,0
BRDA:76,19,0,0
BRDA:76,19,1,0
BRDA:76,20,0,0
BRDA:76,20,1,0
BRDA:113,21,0,0
BRDA:113,21,1,0
BRDA:136,22,0,0
BRDA:136,22,1,0
BRDA:149,23,0,0
BRDA:149,23,1,0
BRDA:177,24,0,0
BRDA:177,24,1,0
BRDA:206,25,0,0
BRDA:206,25,1,0
BRDA:215,26,0,0
BRDA:216,27,0,0
BRDA:216,27,1,0
BRDA:248,28,0,0
BRDA:248,28,1,0
BRDA:281,29,0,0
BRDA:281,29,1,0
BRDA:283,30,0,0
BRDA:283,30,1,0
BRDA:284,31,0,0
BRDA:284,31,1,0
BRDA:285,32,0,0
BRDA:285,32,1,0
BRDA:294,33,0,0
BRDA:294,33,1,0
BRDA:296,34,0,0
BRDA:296,34,1,0
BRDA:316,35,0,0
BRDA:316,35,1,0
BRF:70
BRH:0
end_of_record
TN:
SF:src/ml/reward-system.js
FN:11,(anonymous_0)
FN:92,(anonymous_1)
FN:134,(anonymous_2)
FN:180,(anonymous_3)
FN:190,(anonymous_4)
FN:205,(anonymous_5)
FN:246,(anonymous_6)
FN:247,(anonymous_7)
FN:254,(anonymous_8)
FN:261,(anonymous_9)
FN:268,(anonymous_10)
FNF:11
FNH:0
FNDA:0,(anonymous_0)
FNDA:0,(anonymous_1)
FNDA:0,(anonymous_2)
FNDA:0,(anonymous_3)
FNDA:0,(anonymous_4)
FNDA:0,(anonymous_5)
FNDA:0,(anonymous_6)
FNDA:0,(anonymous_7)
FNDA:0,(anonymous_8)
FNDA:0,(anonymous_9)
FNDA:0,(anonymous_10)
DA:13,0
DA:43,0
DA:53,0
DA:65,0
DA:78,0
DA:81,0
DA:82,0
DA:93,0
DA:96,0
DA:97,0
DA:100,0
DA:101,0
DA:104,0
DA:105,0
DA:108,0
DA:109,0
DA:113,0
DA:114,0
DA:116,0
DA:120,0
DA:123,0
DA:124,0
DA:125,0
DA:128,0
DA:135,0
DA:138,0
DA:139,0
DA:142,0
DA:143,0
DA:146,0
DA:147,0
DA:150,0
DA:151,0
DA:154,0
DA:155,0
DA:158,0
DA:159,0
DA:163,0
DA:164,0
DA:167,0
DA:168,0
DA:171,0
DA:181,0
DA:182,0
DA:191,0
DA:192,0
DA:195,0
DA:196,0
DA:206,0
DA:209,0
DA:210,0
DA:211,0
DA:215,0
DA:217,0
DA:218,0
DA:222,0
DA:223,0
DA:224,0
DA:228,0
DA:229,0
DA:230,0
DA:234,0
DA:235,0
DA:236,0
DA:239,0
DA:247,0
DA:255,0
DA:262,0
DA:269,0
LF:69
LH:0
BRDA:92,0,0,0
BRDA:92,1,0,0
BRDA:93,2,0,0
BRDA:93,2,1,0
BRDA:96,3,0,0
BRDA:96,3,1,0
BRDA:100,4,0,0
BRDA:100,4,1,0
BRDA:104,5,0,0
BRDA:104,5,1,0
BRDA:108,6,0,0
BRDA:108,6,1,0
BRDA:113,7,0,0
BRDA:113,7,1,0
BRDA:124,8,0,0
BRDA:124,8,1,0
BRDA:138,9,0,0
BRDA:138,9,1,0
BRDA:138,10,0,0
BRDA:138,10,1,0
BRDA:142,11,0,0
BRDA:142,11,1,0
BRDA:142,12,0,0
BRDA:142,12,1,0
BRDA:142,12,2,0
BRDA:146,13,0,0
BRDA:146,13,1,0
BRDA:146,14,0,0
BRDA:146,14,1,0
BRDA:150,15,0,0
BRDA:150,15,1,0
BRDA:150,16,0,0
BRDA:150,16,1,0
BRDA:150,16,2,0
BRDA:154,17,0,0
BRDA:154,17,1,0
BRDA:154,18,0,0
BRDA:154,18,1,0
BRDA:154,18,2,0
BRDA:158,19,0,0
BRDA:158,19,1,0
BRDA:158,20,0,0
BRDA:158,20,1,0
BRDA:158,20,2,0
BRDA:163,21,0,0
BRDA:163,21,1,0
BRDA:163,22,0,0
BRDA:163,22,1,0
BRDA:167,23,0,0
BRDA:167,23,1,0
BRDA:167,24,0,0
BRDA:167,24,1,0
BRDA:180,25,0,0
BRDA:181,26,0,0
BRDA:181,26,1,0
BRDA:191,27,0,0
BRDA:191,27,1,0
BRDA:196,28,0,0
BRDA:196,28,1,0
BRDA:209,29,0,0
BRDA:209,29,1,0
BRDA:209,30,0,0
BRDA:209,30,1,0
BRDA:209,31,0,0
BRDA:209,31,1,0
BRDA:209,32,0,0
BRDA:209,32,1,0
BRDA:211,33,0,0
BRDA:211,33,1,0
BRDA:215,34,0,0
BRDA:215,34,1,0
BRDA:215,35,0,0
BRDA:215,35,1,0
BRDA:215,35,2,0
BRDA:215,35,3,0
BRDA:218,36,0,0
BRDA:218,36,1,0
BRDA:222,37,0,0
BRDA:222,37,1,0
BRDA:222,38,0,0
BRDA:222,38,1,0
BRDA:222,39,0,0
BRDA:222,39,1,0
BRDA:222,40,0,0
BRDA:222,40,1,0
BRDA:224,41,0,0
BRDA:224,41,1,0
BRDA:228,42,0,0
BRDA:228,42,1,0
BRDA:228,43,0,0
BRDA:228,43,1,0
BRDA:228,44,0,0
BRDA:228,44,1,0
BRDA:228,45,0,0
BRDA:228,45,1,0
BRDA:230,46,0,0
BRDA:230,46,1,0
BRDA:234,47,0,0
BRDA:234,47,1,0
BRDA:234,48,0,0
BRDA:234,48,1,0
BRDA:234,48,2,0
BRDA:236,49,0,0
BRDA:236,49,1,0
BRF:104
BRH:0
end_of_record
TN:
SF:src/plugins/autoEat.js
FN:10,(anonymous_0)
FN:29,(anonymous_1)
FN:45,(anonymous_2)
FN:53,(anonymous_3)
FN:61,(anonymous_4)
FN:70,(anonymous_5)
FN:90,(anonymous_6)
FN:126,(anonymous_7)
FN:131,(anonymous_8)
FN:138,(anonymous_9)
FN:144,(anonymous_10)
FN:167,(anonymous_11)
FN:188,(anonymous_12)
FN:193,(anonymous_13)
FN:217,(anonymous_14)
FN:224,(anonymous_15)
FNF:16
FNH:0
FNDA:0,(anonymous_0)
FNDA:0,(anonymous_1)
FNDA:0,(anonymous_2)
FNDA:0,(anonymous_3)
FNDA:0,(anonymous_4)
FNDA:0,(anonymous_5)
FNDA:0,(anonymous_6)
FNDA:0,(anonymous_7)
FNDA:0,(anonymous_8)
FNDA:0,(anonymous_9)
FNDA:0,(anonymous_10)
FNDA:0,(anonymous_11)
FNDA:0,(anonymous_12)
FNDA:0,(anonymous_13)
FNDA:0,(anonymous_14)
FNDA:0,(anonymous_15)
DA:11,0
DA:12,0
DA:13,0
DA:19,0
DA:30,0
DA:31,0
DA:33,0
DA:38,0
DA:46,0
DA:47,0
DA:54,0
DA:55,0
DA:62,0
DA:63,0
DA:71,0
DA:72,0
DA:75,0
DA:76,0
DA:79,0
DA:80,0
DA:83,0
DA:91,0
DA:92,0
DA:95,0
DA:97,0
DA:99,0
DA:100,0
DA:101,0
DA:105,0
DA:106,0
DA:108,0
DA:109,0
DA:114,0
DA:117,0
DA:118,0
DA:127,0
DA:130,0
DA:131,0
DA:132,0
DA:133,0
DA:138,0
DA:139,0
DA:144,0
DA:145,0
DA:158,0
DA:161,0
DA:168,0
DA:180,0
DA:189,0
DA:190,0
DA:193,0
DA:195,0
DA:196,0
DA:197,0
DA:200,0
DA:201,0
DA:202,0
DA:204,0
DA:205,0
DA:206,0
DA:209,0
DA:210,0
DA:218,0
DA:225,0
LF:64
LH:0
BRDA:45,0,0,0
BRDA:71,1,0,0
BRDA:71,1,1,0
BRDA:71,2,0,0
BRDA:71,2,1,0
BRDA:75,3,0,0
BRDA:75,3,1,0
BRDA:76,4,0,0
BRDA:76,4,1,0
BRDA:79,5,0,0
BRDA:79,5,1,0
BRDA:79,6,0,0
BRDA:79,6,1,0
BRDA:91,7,0,0
BRDA:91,7,1,0
BRDA:99,8,0,0
BRDA:99,8,1,0
BRDA:132,9,0,0
BRDA:132,9,1,0
BRDA:139,10,0,0
BRDA:139,10,1,0
BRDA:158,11,0,0
BRDA:158,11,1,0
BRDA:158,12,0,0
BRDA:158,12,1,0
BRDA:161,13,0,0
BRDA:161,13,1,0
BRDA:189,14,0,0
BRDA:189,14,1,0
BRDA:195,15,0,0
BRDA:195,15,1,0
BRF:31
BRH:0
end_of_record
TN:
SF:src/plugins/collectblock.js
FN:10,(anonymous_0)
FN:24,(anonymous_1)
FN:39,(anonymous_2)
FN:60,(anonymous_3)
FN:61,(anonymous_4)
FN:76,(anonymous_5)
FN:86,(anonymous_6)
FN:105,(anonymous_7)
FN:117,(anonymous_8)
FN:125,(anonymous_9)
FN:160,(anonymous_10)
FN:187,(anonymous_11)
FN:196,(anonymous_12)
FN:203,(anonymous_13)
FN:210,(anonymous_14)
FNF:15
FNH:0
FNDA:0,(anonymous_0)
FNDA:0,(anonymous_1)
FNDA:0,(anonymous_2)
FNDA:0,(anonymous_3)
FNDA:0,(anonymous_4)
FNDA:0,(anonymous_5)
FNDA:0,(anonymous_6)
FNDA:0,(anonymous_7)
FNDA:0,(anonymous_8)
FNDA:0,(anonymous_9)
FNDA:0,(anonymous_10)
FNDA:0,(anonymous_11)
FNDA:0,(anonymous_12)
FNDA:0,(anonymous_13)
FNDA:0,(anonymous_14)
DA:11,0
DA:12,0
DA:13,0
DA:14,0
DA:25,0
DA:26,0
DA:28,0
DA:30,0
DA:40,0
DA:41,0
DA:44,0
DA:45,0
DA:46,0
DA:47,0
DA:50,0
DA:51,0
DA:53,0
DA:55,0
DA:60,0
DA:61,0
DA:62,0
DA:63,0
DA:64,0
DA:68,0
DA:72,0
DA:77,0
DA:78,0
DA:79,0
DA:80,0
DA:84,0
DA:87,0
DA:88,0
DA:89,0
DA:90,0
DA:94,0
DA:106,0
DA:107,0
DA:110,0
DA:111,0
DA:113,0
DA:116,0
DA:117,0
DA:118,0
DA:123,0
DA:125,0
DA:126,0
DA:127,0
DA:130,0
DA:133,0
DA:134,0
DA:135,0
DA:136,0
DA:137,0
DA:139,0
DA:145,0
DA:146,0
DA:149,0
DA:161,0
DA:162,0
DA:165,0
DA:168,0
DA:169,0
DA:175,0
DA:176,0
DA:181,0
DA:188,0
DA:189,0
DA:190,0
DA:197,0
DA:204,0
DA:211,0
LF:71
LH:0
BRDA:39,0,0,0
BRDA:40,1,0,0
BRDA:40,1,1,0
BRDA:44,2,0,0
BRDA:44,2,1,0
BRDA:44,3,0,0
BRDA:44,3,1,0
BRDA:53,4,0,0
BRDA:53,4,1,0
BRDA:73,5,0,0
BRDA:73,5,1,0
BRDA:74,6,0,0
BRDA:74,6,1,0
BRDA:105,7,0,0
BRDA:105,8,0,0
BRDA:106,9,0,0
BRDA:106,9,1,0
BRDA:110,10,0,0
BRDA:110,10,1,0
BRDA:118,11,0,0
BRDA:118,11,1,0
BRDA:118,11,2,0
BRDA:123,12,0,0
BRDA:123,12,1,0
BRDA:123,13,0,0
BRDA:123,13,1,0
BRDA:145,14,0,0
BRDA:145,14,1,0
BRDA:160,15,0,0
BRDA:161,16,0,0
BRDA:161,16,1,0
BRDA:168,17,0,0
BRDA:168,17,1,0
BRDA:168,18,0,0
BRDA:168,18,1,0
BRDA:168,18,2,0
BRDA:175,19,0,0
BRDA:175,19,1,0
BRF:38
BRH:0
end_of_record
TN:
SF:src/plugins/inventory-crafting.js
FN:16,(anonymous_0)
FN:35,(anonymous_1)
FN:48,(anonymous_2)
FN:1585,(anonymous_3)
FN:1621,(anonymous_4)
FN:1635,(anonymous_5)
FN:1648,(anonymous_6)
FN:1660,(anonymous_7)
FN:1661,(anonymous_8)
FNF:9
FNH:0
FNDA:0,(anonymous_0)
FNDA:0,(anonymous_1)
FNDA:0,(anonymous_2)
FNDA:0,(anonymous_3)
FNDA:0,(anonymous_4)
FNDA:0,(anonymous_5)
FNDA:0,(anonymous_6)
FNDA:0,(anonymous_7)
FNDA:0,(anonymous_8)
DA:17,0
DA:18,0
DA:21,0
DA:22,0
DA:24,0
DA:37,0
DA:38,0
DA:42,0
DA:49,0
DA:50,0
DA:53,0
DA:1571,0
DA:1572,0
DA:1573,0
DA:1576,0
DA:1586,0
DA:1587,0
DA:1590,0
DA:1592,0
DA:1594,0
DA:1595,0
DA:1596,0
DA:1599,0
DA:1600,0
DA:1601,0
DA:1603,0
DA:1606,0
DA:1608,0
DA:1609,0
DA:1612,0
DA:1613,0
DA:1614,0
DA:1622,0
DA:1624,0
DA:1625,0
DA:1626,0
DA:1628,0
DA:1629,0
DA:1633,0
DA:1634,0
DA:1635,0
DA:1636,0
DA:1637,0
DA:1638,0
DA:1640,0
DA:1641,0
DA:1642,0
DA:1646,0
DA:1648,0
DA:1649,0
DA:1654,0
DA:1661,0
LF:52
LH:0
BRDA:37,0,0,0
BRDA:37,0,1,0
BRDA:37,1,0,0
BRDA:37,1,1,0
BRDA:1572,2,0,0
BRDA:1572,2,1,0
BRDA:1585,3,0,0
BRDA:1592,4,0,0
BRDA:1592,4,1,0
BRDA:1594,5,0,0
BRDA:1594,5,1,0
BRDA:1594,6,0,0
BRDA:1594,6,1,0
BRDA:1601,7,0,0
BRDA:1601,7,1,0
BRDA:1626,8,0,0
BRDA:1626,8,1,0
BRDA:1628,9,0,0
BRDA:1628,9,1,0
BRDA:1633,10,0,0
BRDA:1633,10,1,0
BRDA:1634,11,0,0
BRDA:1634,11,1,0
BRDA:1635,12,0,0
BRDA:1635,12,1,0
BRDA:1635,12,2,0
BRDA:1636,13,0,0
BRDA:1636,13,1,0
BRDA:1637,14,0,0
BRDA:1637,14,1,0
BRDA:1640,15,0,0
BRDA:1640,15,1,0
BRDA:1641,16,0,0
BRDA:1641,16,1,0
BRDA:1646,17,0,0
BRDA:1646,17,1,0
BRDA:1648,18,0,0
BRDA:1648,18,1,0
BRDA:1649,19,0,0
BRDA:1649,19,1,0
BRDA:1661,20,0,0
BRDA:1661,20,1,0
BRF:42
BRH:0
end_of_record
TN:
SF:src/plugins/pathfinder.js
FN:13,(anonymous_0)
FN:29,(anonymous_1)
FN:53,(anonymous_2)
FN:71,(anonymous_3)
FN:83,(anonymous_4)
FN:84,(anonymous_5)
FN:91,(anonymous_6)
FN:99,(anonymous_7)
FN:123,(anonymous_8)
FN:133,(anonymous_9)
FN:153,(anonymous_10)
FN:167,(anonymous_11)
FN:203,(anonymous_12)
FN:214,(anonymous_13)
FN:223,(anonymous_14)
FNF:15
FNH:0
FNDA:0,(anonymous_0)
FNDA:0,(anonymous_1)
FNDA:0,(anonymous_2)
FNDA:0,(anonymous_3)
FNDA:0,(anonymous_4)
FNDA:0,(anonymous_5)
FNDA:0,(anonymous_6)
FNDA:0,(anonymous_7)
FNDA:0,(anonymous_8)
FNDA:0,(anonymous_9)
FNDA:0,(anonymous_10)
FNDA:0,(anonymous_11)
FNDA:0,(anonymous_12)
FNDA:0,(anonymous_13)
FNDA:0,(anonymous_14)
DA:9,0
DA:10,0
DA:14,0
DA:15,0
DA:16,0
DA:17,0
DA:18,0
DA:19,0
DA:30,0
DA:31,0
DA:34,0
DA:37,0
DA:38,0
DA:39,0
DA:40,0
DA:41,0
DA:42,0
DA:43,0
DA:45,0
DA:47,0
DA:53,0
DA:54,0
DA:55,0
DA:56,0
DA:60,0
DA:72,0
DA:73,0
DA:76,0
DA:77,0
DA:79,0
DA:81,0
DA:83,0
DA:84,0
DA:85,0
DA:86,0
DA:87,0
DA:88,0
DA:91,0
DA:92,0
DA:93,0
DA:94,0
DA:95,0
DA:96,0
DA:99,0
DA:100,0
DA:101,0
DA:102,0
DA:103,0
DA:104,0
DA:107,0
DA:108,0
DA:110,0
DA:124,0
DA:134,0
DA:135,0
DA:138,0
DA:139,0
DA:141,0
DA:147,0
DA:154,0
DA:155,0
DA:156,0
DA:168,0
DA:171,0
DA:172,0
DA:173,0
DA:174,0
DA:175,0
DA:177,0
DA:181,0
DA:182,0
DA:184,0
DA:185,0
DA:191,0
DA:192,0
DA:193,0
DA:197,0
DA:204,0
DA:215,0
DA:216,0
DA:217,0
DA:224,0
DA:225,0
LF:83
LH:0
BRDA:10,0,0,0
BRDA:10,0,1,0
BRDA:54,1,0,0
BRDA:54,1,1,0
BRDA:71,2,0,0
BRDA:72,3,0,0
BRDA:72,3,1,0
BRDA:76,4,0,0
BRDA:76,4,1,0
BRDA:77,5,0,0
BRDA:77,5,1,0
BRDA:103,6,0,0
BRDA:103,6,1,0
BRDA:104,7,0,0
BRDA:104,7,1,0
BRDA:123,8,0,0
BRDA:123,9,0,0
BRDA:133,10,0,0
BRDA:134,11,0,0
BRDA:134,11,1,0
BRDA:138,12,0,0
BRDA:138,12,1,0
BRDA:154,13,0,0
BRDA:154,13,1,0
BRDA:171,14,0,0
BRDA:171,14,1,0
BRDA:173,15,0,0
BRDA:173,15,1,0
BRDA:184,16,0,0
BRDA:184,16,1,0
BRDA:191,17,0,0
BRDA:191,17,1,0
BRDA:216,18,0,0
BRDA:216,18,1,0
BRF:34
BRH:0
end_of_record
TN:
SF:src/plugins/pvp.js
FN:10,(anonymous_0)
FN:26,(anonymous_1)
FN:35,(anonymous_2)
FN:51,(anonymous_3)
FN:91,(anonymous_4)
FN:95,(anonymous_5)
FN:98,(anonymous_6)
FN:151,(anonymous_7)
FN:161,(anonymous_8)
FN:163,(anonymous_9)
FN:178,(anonymous_10)
FN:197,(anonymous_11)
FN:205,(anonymous_12)
FN:212,(anonymous_13)
FN:219,(anonymous_14)
FNF:15
FNH:0
FNDA:0,(anonymous_0)
FNDA:0,(anonymous_1)
FNDA:0,(anonymous_2)
FNDA:0,(anonymous_3)
FNDA:0,(anonymous_4)
FNDA:0,(anonymous_5)
FNDA:0,(anonymous_6)
FNDA:0,(anonymous_7)
FNDA:0,(anonymous_8)
FNDA:0,(anonymous_9)
FNDA:0,(anonymous_10)
FNDA:0,(anonymous_11)
FNDA:0,(anonymous_12)
FNDA:0,(anonymous_13)
FNDA:0,(anonymous_14)
DA:11,0
DA:12,0
DA:13,0
DA:14,0
DA:15,0
DA:27,0
DA:28,0
DA:30,0
DA:35,0
DA:36,0
DA:37,0
DA:38,0
DA:42,0
DA:52,0
DA:53,0
DA:56,0
DA:57,0
DA:58,0
DA:61,0
DA:62,0
DA:63,0
DA:65,0
DA:72,0
DA:75,0
DA:76,0
DA:79,0
DA:82,0
DA:83,0
DA:84,0
DA:92,0
DA:93,0
DA:95,0
DA:96,0
DA:98,0
DA:100,0
DA:101,0
DA:105,0
DA:106,0
DA:107,0
DA:111,0
DA:112,0
DA:113,0
DA:114,0
DA:115,0
DA:119,0
DA:120,0
DA:124,0
DA:125,0
DA:126,0
DA:127,0
DA:131,0
DA:132,0
DA:133,0
DA:137,0
DA:138,0
DA:144,0
DA:152,0
DA:153,0
DA:155,0
DA:162,0
DA:163,0
DA:164,0
DA:165,0
DA:166,0
DA:167,0
DA:171,0
DA:172,0
DA:179,0
DA:180,0
DA:183,0
DA:184,0
DA:185,0
DA:188,0
DA:189,0
DA:191,0
DA:198,0
DA:199,0
DA:206,0
DA:213,0
DA:220,0
LF:80
LH:0
BRDA:36,0,0,0
BRDA:36,0,1,0
BRDA:51,1,0,0
BRDA:52,2,0,0
BRDA:52,2,1,0
BRDA:56,3,0,0
BRDA:56,3,1,0
BRDA:56,4,0,0
BRDA:56,4,1,0
BRDA:91,5,0,0
BRDA:92,6,0,0
BRDA:92,6,1,0
BRDA:100,7,0,0
BRDA:100,7,1,0
BRDA:111,8,0,0
BRDA:111,8,1,0
BRDA:111,9,0,0
BRDA:111,9,1,0
BRDA:124,10,0,0
BRDA:124,10,1,0
BRDA:131,11,0,0
BRDA:131,11,1,0
BRDA:151,12,0,0
BRDA:152,13,0,0
BRDA:152,13,1,0
BRDA:153,14,0,0
BRDA:153,14,1,0
BRDA:164,15,0,0
BRDA:164,15,1,0
BRDA:179,16,0,0
BRDA:179,16,1,0
BRDA:183,17,0,0
BRDA:183,17,1,0
BRF:33
BRH:0
end_of_record
TN:
SF:src/utils/logger.js
FN:11,(anonymous_0)
FN:21,(anonymous_1)
FN:25,(anonymous_2)
FN:29,(anonymous_3)
FN:33,(anonymous_4)
FN:37,(anonymous_5)
FN:41,(anonymous_6)
FN:46,(anonymous_7)
FN:50,(anonymous_8)
FN:54,(anonymous_9)
FNF:10
FNH:0
FNDA:0,(anonymous_0)
FNDA:0,(anonymous_1)
FNDA:0,(anonymous_2)
FNDA:0,(anonymous_3)
FNDA:0,(anonymous_4)
FNDA:0,(anonymous_5)
FNDA:0,(anonymous_6)
FNDA:0,(anonymous_7)
FNDA:0,(anonymous_8)
FNDA:0,(anonymous_9)
DA:8,0
DA:11,0
DA:20,0
DA:22,0
DA:26,0
DA:30,0
DA:34,0
DA:38,0
DA:42,0
DA:47,0
DA:51,0
DA:55,0
LF:12
LH:0
BRDA:9,0,0,0
BRDA:9,0,1,0
BRDA:15,1,0,0
BRDA:15,1,1,0
BRDA:21,2,0,0
BRDA:25,3,0,0
BRDA:29,4,0,0
BRDA:33,5,0,0
BRDA:37,6,0,0
BRDA:41,7,0,0
BRDA:46,8,0,0
BRDA:50,9,0,0
BRDA:54,10,0,0
BRF:13
BRH:0
end_of_record
TN:
SF:src/utils/state-manager.js
FN:10,(anonymous_0)
FN:40,(anonymous_1)
FN:71,(anonymous_2)
FN:93,(anonymous_3)
FN:95,(anonymous_4)
FN:105,(anonymous_5)
FN:116,(anonymous_6)
FN:136,(anonymous_7)
FN:154,(anonymous_8)
FN:161,(anonymous_9)
FN:168,(anonymous_10)
FN:175,(anonymous_11)
FN:192,(anonymous_12)
FN:205,(anonymous_13)
FN:215,(anonymous_14)
FN:222,(anonymous_15)
FN:229,(anonymous_16)
FN:246,(anonymous_17)
FNF:18
FNH:0
FNDA:0,(anonymous_0)
FNDA:0,(anonymous_1)
FNDA:0,(anonymous_2)
FNDA:0,(anonymous_3)
FNDA:0,(anonymous_4)
FNDA:0,(anonymous_5)
FNDA:0,(anonymous_6)
FNDA:0,(anonymous_7)
FNDA:0,(anonymous_8)
FNDA:0,(anonymous_9)
FNDA:0,(anonymous_10)
FNDA:0,(anonymous_11)
FNDA:0,(anonymous_12)
FNDA:0,(anonymous_13)
FNDA:0,(anonymous_14)
FNDA:0,(anonymous_15)
FNDA:0,(anonymous_16)
FNDA:0,(anonymous_17)
DA:11,0
DA:12,0
DA:13,0
DA:15,0
DA:33,0
DA:34,0
DA:41,0
DA:42,0
DA:43,0
DA:44,0
DA:45,0
DA:46,0
DA:47,0
DA:50,0
DA:53,0
DA:54,0
DA:55,0
DA:56,0
DA:57,0
DA:58,0
DA:59,0
DA:61,0
DA:65,0
DA:72,0
DA:73,0
DA:76,0
DA:77,0
DA:81,0
DA:82,0
DA:83,0
DA:85,0
DA:86,0
DA:94,0
DA:95,0
DA:96,0
DA:98,0
DA:106,0
DA:107,0
DA:108,0
DA:109,0
DA:117,0
DA:118,0
DA:120,0
DA:121,0
DA:122,0
DA:125,0
DA:128,0
DA:129,0
DA:137,0
DA:138,0
DA:140,0
DA:141,0
DA:142,0
DA:144,0
DA:148,0
DA:155,0
DA:162,0
DA:169,0
DA:176,0
DA:177,0
DA:182,0
DA:193,0
DA:199,0
DA:206,0
DA:207,0
DA:208,0
DA:216,0
DA:223,0
DA:230,0
DA:231,0
DA:232,0
DA:233,0
DA:235,0
DA:236,0
DA:237,0
DA:238,0
DA:240,0
DA:247,0
DA:253,0
LF:79
LH:0
BRDA:10,0,0,0
BRDA:11,1,0,0
BRDA:11,1,1,0
BRDA:12,2,0,0
BRDA:12,2,1,0
BRDA:13,3,0,0
BRDA:13,3,1,0
BRDA:42,4,0,0
BRDA:42,4,1,0
BRDA:53,5,0,0
BRDA:53,5,1,0
BRDA:76,6,0,0
BRDA:76,6,1,0
BRDA:94,7,0,0
BRDA:94,7,1,0
BRDA:94,8,0,0
BRDA:94,8,1,0
BRDA:106,9,0,0
BRDA:106,9,1,0
BRDA:121,10,0,0
BRDA:121,10,1,0
BRDA:128,11,0,0
BRDA:128,11,1,0
BRDA:136,12,0,0
BRDA:141,13,0,0
BRDA:141,13,1,0
BRDA:141,14,0,0
BRDA:141,14,1,0
BRDA:162,15,0,0
BRDA:162,15,1,0
BRDA:175,16,0,0
BRDA:192,17,0,0
BRDA:206,18,0,0
BRDA:206,18,1,0
BRDA:235,19,0,0
BRDA:235,19,1,0
BRDA:237,20,0,0
BRDA:237,20,1,0
BRF:38
BRH:0
end_of_record
